cl : 命令行 warning D9025: 正在重写“/sdl”(用“/GS-”)
  redundancy.cpp
e:\microsoft visual studio\workspace\redundancy\redundancy\redundancy.cpp(105): warning C4244: “初始化”: 从“double”转换到“u32”，可能丢失数据
e:\microsoft visual studio\workspace\redundancy\redundancy\redundancy.cpp(120): warning C4244: “初始化”: 从“double”转换到“u32”，可能丢失数据
e:\microsoft visual studio\workspace\redundancy\redundancy\redundancy.cpp(125): warning C4018: “<”: 有符号/无符号不匹配
e:\microsoft visual studio\workspace\redundancy\redundancy\redundancy.cpp(126): warning C4018: “<”: 有符号/无符号不匹配
e:\microsoft visual studio\workspace\redundancy\redundancy\redundancy.cpp(127): warning C4018: “<”: 有符号/无符号不匹配
e:\microsoft visual studio\workspace\redundancy\redundancy\redundancy.cpp(158): warning C4018: “<”: 有符号/无符号不匹配
e:\microsoft visual studio\workspace\redundancy\redundancy\redundancy.cpp(168): warning C4018: “<”: 有符号/无符号不匹配
e:\microsoft visual studio\workspace\redundancy\redundancy\redundancy.cpp(173): warning C4244: “初始化”: 从“double”转换到“u32”，可能丢失数据
e:\microsoft visual studio\workspace\redundancy\redundancy\redundancy.cpp(178): warning C4018: “<”: 有符号/无符号不匹配
e:\microsoft visual studio\workspace\redundancy\redundancy\redundancy.cpp(179): warning C4018: “<”: 有符号/无符号不匹配
e:\microsoft visual studio\workspace\redundancy\redundancy\redundancy.cpp(180): warning C4018: “<”: 有符号/无符号不匹配
e:\microsoft visual studio\workspace\redundancy\redundancy\redundancy.cpp(197): warning C4244: “初始化”: 从“double”转换到“u32”，可能丢失数据
e:\microsoft visual studio\workspace\redundancy\redundancy\redundancy.cpp(203): warning C4018: “<”: 有符号/无符号不匹配
e:\microsoft visual studio\workspace\redundancy\redundancy\redundancy.cpp(205): warning C4018: “<”: 有符号/无符号不匹配
e:\microsoft visual studio\workspace\redundancy\redundancy\redundancy.cpp(207): warning C4018: “<”: 有符号/无符号不匹配
e:\microsoft visual studio\workspace\redundancy\redundancy\redundancy.cpp(255): warning C4018: “<”: 有符号/无符号不匹配
e:\microsoft visual studio\workspace\redundancy\redundancy\redundancy.cpp(266): warning C4018: “<”: 有符号/无符号不匹配
e:\microsoft visual studio\workspace\redundancy\redundancy\redundancy.cpp(267): warning C4018: “<”: 有符号/无符号不匹配
e:\microsoft visual studio\workspace\redundancy\redundancy\redundancy.cpp(268): warning C4018: “<”: 有符号/无符号不匹配
e:\microsoft visual studio\workspace\redundancy\redundancy\redundancy.cpp(280): warning C4018: “<”: 有符号/无符号不匹配
e:\microsoft visual studio\workspace\redundancy\redundancy\redundancy.cpp(282): warning C4018: “<”: 有符号/无符号不匹配
e:\microsoft visual studio\workspace\redundancy\redundancy\redundancy.cpp(87): warning C4996: 'fopen': This function or variable may be unsafe. Consider using fopen_s instead. To disable deprecation, use _CRT_SECURE_NO_WARNINGS. See online help for details.
  e:\windows kits\10\include\10.0.17134.0\ucrt\stdio.h(208): note: 参见“fopen”的声明
e:\microsoft visual studio\workspace\redundancy\redundancy\redundancy.cpp(94): warning C4996: 'fscanf': This function or variable may be unsafe. Consider using fscanf_s instead. To disable deprecation, use _CRT_SECURE_NO_WARNINGS. See online help for details.
  e:\windows kits\10\include\10.0.17134.0\ucrt\stdio.h(1197): note: 参见“fscanf”的声明
e:\microsoft visual studio\workspace\redundancy\redundancy\redundancy.cpp(97): warning C4996: 'fscanf': This function or variable may be unsafe. Consider using fscanf_s instead. To disable deprecation, use _CRT_SECURE_NO_WARNINGS. See online help for details.
  e:\windows kits\10\include\10.0.17134.0\ucrt\stdio.h(1197): note: 参见“fscanf”的声明
  redundancy.vcxproj -> E:\Microsoft Visual Studio\workspace\redundancy\Debug\redundancy.exe
